2021-02-04 06:06:13.943 [main] DEBUG io.netty.util.internal.logging.InternalLoggerFactory - Using Log4J2 as the default logging framework
2021-02-04 06:06:13.960 [main] DEBUG io.netty.util.ResourceLeakDetector - -Dio.netty.leakDetection.level: simple
2021-02-04 06:06:13.961 [main] DEBUG io.netty.util.ResourceLeakDetector - -Dio.netty.leakDetection.targetRecords: 4
2021-02-04 06:06:13.969 [main] DEBUG io.netty.util.ResourceLeakDetectorFactory - Loaded default ResourceLeakDetector: io.netty.util.ResourceLeakDetector@271f18d3
2021-02-04 06:06:14.002 [main] DEBUG io.netty.util.internal.PlatformDependent - Platform: Windows
2021-02-04 06:06:14.006 [main] DEBUG io.netty.util.internal.PlatformDependent0 - -Dio.netty.noUnsafe: false
2021-02-04 06:06:14.006 [main] DEBUG io.netty.util.internal.PlatformDependent0 - Java version: 11
2021-02-04 06:06:14.009 [main] DEBUG io.netty.util.internal.PlatformDependent0 - sun.misc.Unsafe.theUnsafe: available
2021-02-04 06:06:14.011 [main] DEBUG io.netty.util.internal.PlatformDependent0 - sun.misc.Unsafe.copyMemory: available
2021-02-04 06:06:14.012 [main] DEBUG io.netty.util.internal.PlatformDependent0 - java.nio.Buffer.address: available
2021-02-04 06:06:14.013 [main] DEBUG io.netty.util.internal.PlatformDependent0 - direct buffer constructor: unavailable
java.lang.UnsupportedOperationException: Reflective setAccessible(true) disabled
	at io.netty.util.internal.ReflectionUtil.trySetAccessible(ReflectionUtil.java:31) ~[netty-common-4.1.47.Final.jar:4.1.47.Final]
	at io.netty.util.internal.PlatformDependent0$4.run(PlatformDependent0.java:225) ~[netty-common-4.1.47.Final.jar:4.1.47.Final]
	at java.security.AccessController.doPrivileged(Native Method) ~[?:?]
	at io.netty.util.internal.PlatformDependent0.<clinit>(PlatformDependent0.java:219) [netty-common-4.1.47.Final.jar:4.1.47.Final]
	at io.netty.util.internal.PlatformDependent.isAndroid(PlatformDependent.java:289) [netty-common-4.1.47.Final.jar:4.1.47.Final]
	at io.netty.util.internal.PlatformDependent.<clinit>(PlatformDependent.java:92) [netty-common-4.1.47.Final.jar:4.1.47.Final]
	at io.netty.util.HashedWheelTimer.<init>(HashedWheelTimer.java:109) [netty-common-4.1.47.Final.jar:4.1.47.Final]
	at io.netty.util.HashedWheelTimer.<init>(HashedWheelTimer.java:218) [netty-common-4.1.47.Final.jar:4.1.47.Final]
	at io.netty.util.HashedWheelTimer.<init>(HashedWheelTimer.java:197) [netty-common-4.1.47.Final.jar:4.1.47.Final]
	at io.netty.util.HashedWheelTimer.<init>(HashedWheelTimer.java:179) [netty-common-4.1.47.Final.jar:4.1.47.Final]
	at io.netty.util.HashedWheelTimer.<init>(HashedWheelTimer.java:163) [netty-common-4.1.47.Final.jar:4.1.47.Final]
	at org.asynchttpclient.DefaultAsyncHttpClient.newNettyTimer(DefaultAsyncHttpClient.java:97) [async-http-client-2.11.0.jar:?]
	at org.asynchttpclient.DefaultAsyncHttpClient.<init>(DefaultAsyncHttpClient.java:87) [async-http-client-2.11.0.jar:?]
	at org.asynchttpclient.DefaultAsyncHttpClient.<init>(DefaultAsyncHttpClient.java:71) [async-http-client-2.11.0.jar:?]
	at org.asynchttpclient.Dsl.asyncHttpClient(Dsl.java:28) [async-http-client-2.11.0.jar:?]
	at org.openqa.selenium.remote.http.netty.NettyClient.<clinit>(NettyClient.java:35) [selenium-remote-driver-4.0.0-alpha-5.jar:?]
	at org.openqa.selenium.remote.http.netty.NettyClient$Factory.createClient(NettyClient.java:76) [selenium-remote-driver-4.0.0-alpha-5.jar:?]
	at org.openqa.selenium.remote.http.HttpClient$Factory.createClient(HttpClient.java:71) [selenium-http-4.0.0-alpha-5.jar:?]
	at org.openqa.selenium.remote.HttpCommandExecutor.<init>(HttpCommandExecutor.java:90) [selenium-remote-driver-4.0.0-alpha-5.jar:?]
	at org.openqa.selenium.remote.HttpCommandExecutor.<init>(HttpCommandExecutor.java:73) [selenium-remote-driver-4.0.0-alpha-5.jar:?]
	at org.openqa.selenium.remote.service.DriverCommandExecutor.<init>(DriverCommandExecutor.java:63) [selenium-remote-driver-4.0.0-alpha-5.jar:?]
	at org.openqa.selenium.chromium.ChromiumDriverCommandExecutor.<init>(ChromiumDriverCommandExecutor.java:66) [selenium-chromium-driver-4.0.0-alpha-5.jar:?]
	at org.openqa.selenium.chrome.ChromeDriver.<init>(ChromeDriver.java:163) [selenium-chrome-driver-4.0.0-alpha-5.jar:?]
	at org.openqa.selenium.chrome.ChromeDriver.<init>(ChromeDriver.java:150) [selenium-chrome-driver-4.0.0-alpha-5.jar:?]
	at org.openqa.selenium.chrome.ChromeDriver.<init>(ChromeDriver.java:105) [selenium-chrome-driver-4.0.0-alpha-5.jar:?]
	at com.gittigidiyor.test.BaseTest.before(BaseTest.java:16) [test-classes/:?]
	at jdk.internal.reflect.NativeMethodAccessorImpl.invoke0(Native Method) ~[?:?]
	at jdk.internal.reflect.NativeMethodAccessorImpl.invoke(NativeMethodAccessorImpl.java:62) ~[?:?]
	at jdk.internal.reflect.DelegatingMethodAccessorImpl.invoke(DelegatingMethodAccessorImpl.java:43) ~[?:?]
	at java.lang.reflect.Method.invoke(Method.java:566) ~[?:?]
	at org.junit.runners.model.FrameworkMethod$1.runReflectiveCall(FrameworkMethod.java:50) [junit-4.12.jar:4.12]
	at org.junit.internal.runners.model.ReflectiveCallable.run(ReflectiveCallable.java:12) [junit-4.12.jar:4.12]
	at org.junit.runners.model.FrameworkMethod.invokeExplosively(FrameworkMethod.java:47) [junit-4.12.jar:4.12]
	at org.junit.internal.runners.statements.RunBefores.evaluate(RunBefores.java:24) [junit-4.12.jar:4.12]
	at org.junit.internal.runners.statements.RunAfters.evaluate(RunAfters.java:27) [junit-4.12.jar:4.12]
	at org.junit.runners.ParentRunner.run(ParentRunner.java:363) [junit-4.12.jar:4.12]
	at org.junit.runner.JUnitCore.run(JUnitCore.java:137) [junit-4.12.jar:4.12]
	at com.intellij.junit4.JUnit4IdeaTestRunner.startRunnerWithArgs(JUnit4IdeaTestRunner.java:69) [junit-rt.jar:?]
	at com.intellij.rt.junit.IdeaTestRunner$Repeater.startRunnerWithArgs(IdeaTestRunner.java:33) [junit-rt.jar:?]
	at com.intellij.rt.junit.JUnitStarter.prepareStreamsAndStart(JUnitStarter.java:220) [junit-rt.jar:?]
	at com.intellij.rt.junit.JUnitStarter.main(JUnitStarter.java:53) [junit-rt.jar:?]
2021-02-04 06:06:14.029 [main] DEBUG io.netty.util.internal.PlatformDependent0 - java.nio.Bits.unaligned: available, true
2021-02-04 06:06:14.031 [main] DEBUG io.netty.util.internal.PlatformDependent0 - jdk.internal.misc.Unsafe.allocateUninitializedArray(int): unavailable
java.lang.IllegalAccessException: class io.netty.util.internal.PlatformDependent0$6 cannot access class jdk.internal.misc.Unsafe (in module java.base) because module java.base does not export jdk.internal.misc to unnamed module @15051a0
	at jdk.internal.reflect.Reflection.newIllegalAccessException(Reflection.java:361) ~[?:?]
	at java.lang.reflect.AccessibleObject.checkAccess(AccessibleObject.java:591) ~[?:?]
	at java.lang.reflect.Method.invoke(Method.java:558) ~[?:?]
	at io.netty.util.internal.PlatformDependent0$6.run(PlatformDependent0.java:335) ~[netty-common-4.1.47.Final.jar:4.1.47.Final]
	at java.security.AccessController.doPrivileged(Native Method) ~[?:?]
	at io.netty.util.internal.PlatformDependent0.<clinit>(PlatformDependent0.java:326) [netty-common-4.1.47.Final.jar:4.1.47.Final]
	at io.netty.util.internal.PlatformDependent.isAndroid(PlatformDependent.java:289) [netty-common-4.1.47.Final.jar:4.1.47.Final]
	at io.netty.util.internal.PlatformDependent.<clinit>(PlatformDependent.java:92) [netty-common-4.1.47.Final.jar:4.1.47.Final]
	at io.netty.util.HashedWheelTimer.<init>(HashedWheelTimer.java:109) [netty-common-4.1.47.Final.jar:4.1.47.Final]
	at io.netty.util.HashedWheelTimer.<init>(HashedWheelTimer.java:218) [netty-common-4.1.47.Final.jar:4.1.47.Final]
	at io.netty.util.HashedWheelTimer.<init>(HashedWheelTimer.java:197) [netty-common-4.1.47.Final.jar:4.1.47.Final]
	at io.netty.util.HashedWheelTimer.<init>(HashedWheelTimer.java:179) [netty-common-4.1.47.Final.jar:4.1.47.Final]
	at io.netty.util.HashedWheelTimer.<init>(HashedWheelTimer.java:163) [netty-common-4.1.47.Final.jar:4.1.47.Final]
	at org.asynchttpclient.DefaultAsyncHttpClient.newNettyTimer(DefaultAsyncHttpClient.java:97) [async-http-client-2.11.0.jar:?]
	at org.asynchttpclient.DefaultAsyncHttpClient.<init>(DefaultAsyncHttpClient.java:87) [async-http-client-2.11.0.jar:?]
	at org.asynchttpclient.DefaultAsyncHttpClient.<init>(DefaultAsyncHttpClient.java:71) [async-http-client-2.11.0.jar:?]
	at org.asynchttpclient.Dsl.asyncHttpClient(Dsl.java:28) [async-http-client-2.11.0.jar:?]
	at org.openqa.selenium.remote.http.netty.NettyClient.<clinit>(NettyClient.java:35) [selenium-remote-driver-4.0.0-alpha-5.jar:?]
	at org.openqa.selenium.remote.http.netty.NettyClient$Factory.createClient(NettyClient.java:76) [selenium-remote-driver-4.0.0-alpha-5.jar:?]
	at org.openqa.selenium.remote.http.HttpClient$Factory.createClient(HttpClient.java:71) [selenium-http-4.0.0-alpha-5.jar:?]
	at org.openqa.selenium.remote.HttpCommandExecutor.<init>(HttpCommandExecutor.java:90) [selenium-remote-driver-4.0.0-alpha-5.jar:?]
	at org.openqa.selenium.remote.HttpCommandExecutor.<init>(HttpCommandExecutor.java:73) [selenium-remote-driver-4.0.0-alpha-5.jar:?]
	at org.openqa.selenium.remote.service.DriverCommandExecutor.<init>(DriverCommandExecutor.java:63) [selenium-remote-driver-4.0.0-alpha-5.jar:?]
	at org.openqa.selenium.chromium.ChromiumDriverCommandExecutor.<init>(ChromiumDriverCommandExecutor.java:66) [selenium-chromium-driver-4.0.0-alpha-5.jar:?]
	at org.openqa.selenium.chrome.ChromeDriver.<init>(ChromeDriver.java:163) [selenium-chrome-driver-4.0.0-alpha-5.jar:?]
	at org.openqa.selenium.chrome.ChromeDriver.<init>(ChromeDriver.java:150) [selenium-chrome-driver-4.0.0-alpha-5.jar:?]
	at org.openqa.selenium.chrome.ChromeDriver.<init>(ChromeDriver.java:105) [selenium-chrome-driver-4.0.0-alpha-5.jar:?]
	at com.gittigidiyor.test.BaseTest.before(BaseTest.java:16) [test-classes/:?]
	at jdk.internal.reflect.NativeMethodAccessorImpl.invoke0(Native Method) ~[?:?]
	at jdk.internal.reflect.NativeMethodAccessorImpl.invoke(NativeMethodAccessorImpl.java:62) ~[?:?]
	at jdk.internal.reflect.DelegatingMethodAccessorImpl.invoke(DelegatingMethodAccessorImpl.java:43) ~[?:?]
	at java.lang.reflect.Method.invoke(Method.java:566) ~[?:?]
	at org.junit.runners.model.FrameworkMethod$1.runReflectiveCall(FrameworkMethod.java:50) [junit-4.12.jar:4.12]
	at org.junit.internal.runners.model.ReflectiveCallable.run(ReflectiveCallable.java:12) [junit-4.12.jar:4.12]
	at org.junit.runners.model.FrameworkMethod.invokeExplosively(FrameworkMethod.java:47) [junit-4.12.jar:4.12]
	at org.junit.internal.runners.statements.RunBefores.evaluate(RunBefores.java:24) [junit-4.12.jar:4.12]
	at org.junit.internal.runners.statements.RunAfters.evaluate(RunAfters.java:27) [junit-4.12.jar:4.12]
	at org.junit.runners.ParentRunner.run(ParentRunner.java:363) [junit-4.12.jar:4.12]
	at org.junit.runner.JUnitCore.run(JUnitCore.java:137) [junit-4.12.jar:4.12]
	at com.intellij.junit4.JUnit4IdeaTestRunner.startRunnerWithArgs(JUnit4IdeaTestRunner.java:69) [junit-rt.jar:?]
	at com.intellij.rt.junit.IdeaTestRunner$Repeater.startRunnerWithArgs(IdeaTestRunner.java:33) [junit-rt.jar:?]
	at com.intellij.rt.junit.JUnitStarter.prepareStreamsAndStart(JUnitStarter.java:220) [junit-rt.jar:?]
	at com.intellij.rt.junit.JUnitStarter.main(JUnitStarter.java:53) [junit-rt.jar:?]
2021-02-04 06:06:14.034 [main] DEBUG io.netty.util.internal.PlatformDependent0 - java.nio.DirectByteBuffer.<init>(long, int): unavailable
2021-02-04 06:06:14.034 [main] DEBUG io.netty.util.internal.PlatformDependent - sun.misc.Unsafe: available
2021-02-04 06:06:14.036 [main] DEBUG io.netty.util.internal.PlatformDependent - maxDirectMemory: 1073741824 bytes (maybe)
2021-02-04 06:06:14.036 [main] DEBUG io.netty.util.internal.PlatformDependent - -Dio.netty.tmpdir: C:\Users\DOGACA~1\AppData\Local\Temp (java.io.tmpdir)
2021-02-04 06:06:14.037 [main] DEBUG io.netty.util.internal.PlatformDependent - -Dio.netty.bitMode: 64 (sun.arch.data.model)
2021-02-04 06:06:14.039 [main] DEBUG io.netty.util.internal.PlatformDependent - -Dio.netty.maxDirectMemory: -1 bytes
2021-02-04 06:06:14.039 [main] DEBUG io.netty.util.internal.PlatformDependent - -Dio.netty.uninitializedArrayAllocationThreshold: -1
2021-02-04 06:06:14.041 [main] DEBUG io.netty.util.internal.CleanerJava9 - java.nio.ByteBuffer.cleaner(): available
2021-02-04 06:06:14.042 [main] DEBUG io.netty.util.internal.PlatformDependent - -Dio.netty.noPreferDirect: false
2021-02-04 06:06:14.058 [main] DEBUG io.netty.util.internal.PlatformDependent - org.jctools-core.MpscChunkedArrayQueue: available
2021-02-04 06:06:14.246 [main] DEBUG io.netty.handler.ssl.JdkSslContext - Default protocols (JDK): [TLSv1.2, TLSv1.1, TLSv1] 
2021-02-04 06:06:14.246 [main] DEBUG io.netty.handler.ssl.JdkSslContext - Default cipher suites (JDK): [TLS_ECDHE_ECDSA_WITH_AES_256_GCM_SHA384, TLS_ECDHE_ECDSA_WITH_AES_128_GCM_SHA256, TLS_ECDHE_RSA_WITH_AES_128_GCM_SHA256, TLS_ECDHE_RSA_WITH_AES_256_GCM_SHA384, TLS_ECDHE_RSA_WITH_AES_128_CBC_SHA, TLS_ECDHE_RSA_WITH_AES_256_CBC_SHA, TLS_RSA_WITH_AES_128_GCM_SHA256, TLS_RSA_WITH_AES_128_CBC_SHA, TLS_RSA_WITH_AES_256_CBC_SHA, TLS_AES_128_GCM_SHA256, TLS_AES_256_GCM_SHA384]
2021-02-04 06:06:14.287 [main] DEBUG io.netty.util.internal.InternalThreadLocalMap - -Dio.netty.threadLocalMap.stringBuilder.initialSize: 1024
2021-02-04 06:06:14.288 [main] DEBUG io.netty.util.internal.InternalThreadLocalMap - -Dio.netty.threadLocalMap.stringBuilder.maxSize: 4096
2021-02-04 06:06:14.302 [main] DEBUG io.netty.channel.MultithreadEventLoopGroup - -Dio.netty.eventLoopThreads: 12
2021-02-04 06:06:14.319 [main] DEBUG io.netty.channel.nio.NioEventLoop - -Dio.netty.noKeySetOptimization: false
2021-02-04 06:06:14.320 [main] DEBUG io.netty.channel.nio.NioEventLoop - -Dio.netty.selectorAutoRebuildThreshold: 512
2021-02-04 06:06:14.384 [main] DEBUG io.netty.buffer.PooledByteBufAllocator - -Dio.netty.allocator.numHeapArenas: 10
2021-02-04 06:06:14.385 [main] DEBUG io.netty.buffer.PooledByteBufAllocator - -Dio.netty.allocator.numDirectArenas: 10
2021-02-04 06:06:14.385 [main] DEBUG io.netty.buffer.PooledByteBufAllocator - -Dio.netty.allocator.pageSize: 8192
2021-02-04 06:06:14.385 [main] DEBUG io.netty.buffer.PooledByteBufAllocator - -Dio.netty.allocator.maxOrder: 11
2021-02-04 06:06:14.386 [main] DEBUG io.netty.buffer.PooledByteBufAllocator - -Dio.netty.allocator.chunkSize: 16777216
2021-02-04 06:06:14.386 [main] DEBUG io.netty.buffer.PooledByteBufAllocator - -Dio.netty.allocator.tinyCacheSize: 512
2021-02-04 06:06:14.386 [main] DEBUG io.netty.buffer.PooledByteBufAllocator - -Dio.netty.allocator.smallCacheSize: 256
2021-02-04 06:06:14.386 [main] DEBUG io.netty.buffer.PooledByteBufAllocator - -Dio.netty.allocator.normalCacheSize: 64
2021-02-04 06:06:14.386 [main] DEBUG io.netty.buffer.PooledByteBufAllocator - -Dio.netty.allocator.maxCachedBufferCapacity: 32768
2021-02-04 06:06:14.387 [main] DEBUG io.netty.buffer.PooledByteBufAllocator - -Dio.netty.allocator.cacheTrimInterval: 8192
2021-02-04 06:06:14.387 [main] DEBUG io.netty.buffer.PooledByteBufAllocator - -Dio.netty.allocator.cacheTrimIntervalMillis: 0
2021-02-04 06:06:14.387 [main] DEBUG io.netty.buffer.PooledByteBufAllocator - -Dio.netty.allocator.useCacheForAllThreads: true
2021-02-04 06:06:14.388 [main] DEBUG io.netty.buffer.PooledByteBufAllocator - -Dio.netty.allocator.maxCachedByteBuffersPerChunk: 1023
2021-02-04 06:06:14.401 [main] DEBUG io.netty.buffer.ByteBufUtil - -Dio.netty.allocator.type: pooled
2021-02-04 06:06:14.402 [main] DEBUG io.netty.buffer.ByteBufUtil - -Dio.netty.threadLocalDirectBufferSize: 0
2021-02-04 06:06:14.402 [main] DEBUG io.netty.buffer.ByteBufUtil - -Dio.netty.maxThreadLocalCharBufferSize: 16384
2021-02-04 06:06:16.226 [Forwarding newSession on session null to remote] DEBUG io.netty.channel.DefaultChannelId - -Dio.netty.processId: 14952 (auto-detected)
2021-02-04 06:06:16.229 [Forwarding newSession on session null to remote] DEBUG io.netty.util.NetUtil - -Djava.net.preferIPv4Stack: false
2021-02-04 06:06:16.230 [Forwarding newSession on session null to remote] DEBUG io.netty.util.NetUtil - -Djava.net.preferIPv6Addresses: false
2021-02-04 06:06:16.323 [Forwarding newSession on session null to remote] DEBUG io.netty.util.NetUtil - Loopback interface: lo (Software Loopback Interface 1, 127.0.0.1)
2021-02-04 06:06:16.325 [Forwarding newSession on session null to remote] DEBUG io.netty.util.NetUtil - Failed to get SOMAXCONN from sysctl and file \proc\sys\net\core\somaxconn. Default: 200
2021-02-04 06:06:16.422 [Forwarding newSession on session null to remote] DEBUG io.netty.channel.DefaultChannelId - -Dio.netty.machineId: e0:cb:4e:ff:fe:c9:6f:4b (auto-detected)
2021-02-04 06:06:16.514 [AsyncHttpClient-3-1] DEBUG io.netty.buffer.AbstractByteBuf - -Dio.netty.buffer.checkAccessible: true
2021-02-04 06:06:16.515 [AsyncHttpClient-3-1] DEBUG io.netty.buffer.AbstractByteBuf - -Dio.netty.buffer.checkBounds: true
2021-02-04 06:06:16.516 [AsyncHttpClient-3-1] DEBUG io.netty.util.ResourceLeakDetectorFactory - Loaded default ResourceLeakDetector: io.netty.util.ResourceLeakDetector@3bf8ada2
2021-02-04 06:06:16.562 [AsyncHttpClient-3-1] DEBUG io.netty.util.Recycler - -Dio.netty.recycler.maxCapacityPerThread: 4096
2021-02-04 06:06:16.562 [AsyncHttpClient-3-1] DEBUG io.netty.util.Recycler - -Dio.netty.recycler.maxSharedCapacityFactor: 2
2021-02-04 06:06:16.563 [AsyncHttpClient-3-1] DEBUG io.netty.util.Recycler - -Dio.netty.recycler.linkCapacity: 16
2021-02-04 06:06:16.563 [AsyncHttpClient-3-1] DEBUG io.netty.util.Recycler - -Dio.netty.recycler.ratio: 8
2021-02-04 06:06:22.290 [main] DEBUG io.netty.util.internal.ThreadLocalRandom - -Dio.netty.initialSeedUniquifier: 0xb79a18e364f8ceca
2021-02-04 06:06:46.064 [main] INFO  com.gittigidiyor.test.TestCases - Gittigidiyor.com acildi.
2021-02-04 06:07:01.629 [main] INFO  com.gittigidiyor.test.TestCases - Login Sayfasi acildi.
2021-02-04 06:07:19.844 [main] INFO  com.gittigidiyor.test.TestCases - Kullanici Girisi Basarili.
2021-02-04 06:07:48.364 [main] INFO  com.gittigidiyor.test.TestCases - 2. sayfa acildi.
2021-02-04 06:08:00.124 [main] INFO  com.gittigidiyor.test.TestCases - Urun Sepete Eklendi.
2021-02-04 06:08:00.168 [main] INFO  com.gittigidiyor.test.TestCases - Sayfa Fiyati : 29,50 TL
2021-02-04 06:08:06.950 [main] INFO  com.gittigidiyor.test.TestCases - Sepet Fiyati : 29,50 TL
2021-02-04 06:08:06.950 [main] INFO  com.gittigidiyor.test.TestCases - fiyatlar ayni.
2021-02-04 06:08:08.802 [main] INFO  com.gittigidiyor.test.TestCases - Urun Sayisi :2
2021-02-04 06:08:15.050 [main] INFO  com.gittigidiyor.test.TestCases - Sepet Boş
